<?xml version="1.0" encoding="UTF-8"?>
<!-- Generated by org.testng.reporters.JUnitXMLReporter -->
<testsuite ignored="0" hostname="LAPTOP-BL8V5H57" failures="4" tests="29" name="Surefire test" time="165.947" errors="0" timestamp="2022-09-26T22:48:52 CDT">
  <testcase classname="com.main.selenium.practices.HttpTest" name="testBrokenLink" time="9.495">
    <failure type="java.lang.AssertionError" message="The following asserts failed:
	The link https://rahulshettyacademy.com/brokenlink is broken expected [true] but found [false]">
      <![CDATA[java.lang.AssertionError: The following asserts failed:
The link https://rahulshettyacademy.com/brokenlink is broken expected [true] but found [false]
at com.main.selenium.practices.HttpTest.testBrokenLink(HttpTest.java:57)
at java.base/java.util.ArrayList.forEach(ArrayList.java:1511)
... Removed 34 stack frames]]>
    </failure>
  </testcase> <!-- testBrokenLink -->
  <testcase classname="com.main.selenium.practices.LinksCountTest" name="testLinksAreWorkingInFooterFirstColumn" time="5.833"/>
  <testcase classname="com.main.selenium.practices.LinksCountTest" name="testLinksCount" time="0.209"/>
  <testcase classname="com.main.selenium.practices.LinksCountTest" name="testLinksCountInFooter" time="0.018"/>
  <testcase classname="com.main.selenium.practices.LinksCountTest" name="testLinksCountInFooterFirstColumn" time="0.209"/>
  <testcase classname="com.main.selenium.practices.ScrollingTest" name="testAmountCount" time="0.397"/>
  <testcase classname="com.main.selenium.practices.StreamsTest" name="testGetThePriceOfProduct" time="0.524"/>
  <testcase classname="com.main.selenium.practices.StreamsTest" name="testGetThePriceOfProductPaginated" time="0.744"/>
  <testcase classname="com.main.selenium.practices.StreamsTest" name="testSearchFeature" time="0.442"/>
  <testcase classname="com.main.selenium.practices.StreamsTest" name="testTableIsSorted" time="0.458"/>
  <testcase classname="com.main.selenium.practices.TestExtentReports" name="testFailedOrders" time="3.061">
    <failure type="java.lang.AssertionError" message="Values are not equal expected [3546] but found [3546540]">
      <![CDATA[java.lang.AssertionError: Values are not equal expected [3546] but found [3546540]
at com.main.selenium.practices.TestExtentReports.testFailedOrders(TestExtentReports.java:20)
at java.base/java.util.ArrayList.forEach(ArrayList.java:1511)
... Removed 37 stack frames]]>
    </failure>
  </testcase> <!-- testFailedOrders -->
  <testcase classname="com.main.selenium.practices.TestExtentReports" name="testSuccessfullOrders" time="3.056"/>
  <testcase classname="com.main.selenium.practices.TestGroups" name="Login" time="0.001"/>
  <testcase classname="com.main.selenium.practices.TestGroups" name="WebLoginHome" time="0.002"/>
  <testcase classname="com.main.selenium.practices.TestGroups" name="WebLoginCar" time="0.0"/>
  <testcase classname="com.main.selenium.practices.TestGroups" name="Good" time="0.0"/>
  <testcase classname="com.main.selenium.practices.TestListeners" name="failureTest" time="5.023">
    <failure type="org.openqa.selenium.NoSuchElementException" message="no such element: Unable to locate element: {&amp;quot;method&amp;quot;:&amp;quot;css selector&amp;quot;,&amp;quot;selector&amp;quot;:&amp;quot;#badId&amp;quot;}
  (Session info: chrome=105.0.5195.127)
For documentation on this error, please visit: https://selenium.dev/exceptions/#no_such_element
Build info: version: &amp;apos;4.4.0&amp;apos;, revision: &amp;apos;e5c75ed026a&amp;apos;
System info: host: &amp;apos;LAPTOP-BL8V5H57&amp;apos;, ip: &amp;apos;192.168.1.74&amp;apos;, os.name: &amp;apos;Windows 10&amp;apos;, os.arch: &amp;apos;amd64&amp;apos;, os.version: &amp;apos;10.0&amp;apos;, java.version: &amp;apos;15.0.2&amp;apos;
Driver info: org.openqa.selenium.chrome.ChromeDriver
Command: [fa10d9b91a956fe1955ef0df6ef899dc, findElement {using=id, value=badId}]
Capabilities {acceptInsecureCerts: false, browserName: chrome, browserVersion: 105.0.5195.127, chrome: {chromedriverVersion: 105.0.5195.52 (412c95e51883..., userDataDir: C:\Users\cacha\AppData\Loca...}, goog:chromeOptions: {debuggerAddress: localhost:49538}, networkConnectionEnabled: false, pageLoadStrategy: normal, platformName: WINDOWS, proxy: Proxy(), se:cdp: ws://localhost:49538/devtoo..., se:cdpVersion: 105.0.5195.127, setWindowRect: true, strictFileInteractability: false, timeouts: {implicit: 0, pageLoad: 300000, script: 30000}, unhandledPromptBehavior: dismiss and notify, webauthn:extension:credBlob: true, webauthn:extension:largeBlob: true, webauthn:virtualAuthenticators: true}
Session ID: fa10d9b91a956fe1955ef0df6ef899dc">
      <![CDATA[org.openqa.selenium.NoSuchElementException: no such element: Unable to locate element: {"method":"css selector","selector":"#badId"}
  (Session info: chrome=105.0.5195.127)
For documentation on this error, please visit: https://selenium.dev/exceptions/#no_such_element
Build info: version: '4.4.0', revision: 'e5c75ed026a'
System info: host: 'LAPTOP-BL8V5H57', ip: '192.168.1.74', os.name: 'Windows 10', os.arch: 'amd64', os.version: '10.0', java.version: '15.0.2'
Driver info: org.openqa.selenium.chrome.ChromeDriver
Command: [fa10d9b91a956fe1955ef0df6ef899dc, findElement {using=id, value=badId}]
Capabilities {acceptInsecureCerts: false, browserName: chrome, browserVersion: 105.0.5195.127, chrome: {chromedriverVersion: 105.0.5195.52 (412c95e51883..., userDataDir: C:\Users\cacha\AppData\Loca...}, goog:chromeOptions: {debuggerAddress: localhost:49538}, networkConnectionEnabled: false, pageLoadStrategy: normal, platformName: WINDOWS, proxy: Proxy(), se:cdp: ws://localhost:49538/devtoo..., se:cdpVersion: 105.0.5195.127, setWindowRect: true, strictFileInteractability: false, timeouts: {implicit: 0, pageLoad: 300000, script: 30000}, unhandledPromptBehavior: dismiss and notify, webauthn:extension:credBlob: true, webauthn:extension:largeBlob: true, webauthn:virtualAuthenticators: true}
Session ID: fa10d9b91a956fe1955ef0df6ef899dc
at org.openqa.selenium.remote.codec.w3c.W3CHttpResponseCodec.createException(W3CHttpResponseCodec.java:200)
at org.openqa.selenium.remote.codec.w3c.W3CHttpResponseCodec.decode(W3CHttpResponseCodec.java:133)
at org.openqa.selenium.remote.codec.w3c.W3CHttpResponseCodec.decode(W3CHttpResponseCodec.java:53)
at org.openqa.selenium.remote.HttpCommandExecutor.execute(HttpCommandExecutor.java:184)
at org.openqa.selenium.remote.service.DriverCommandExecutor.invokeExecute(DriverCommandExecutor.java:167)
at org.openqa.selenium.remote.service.DriverCommandExecutor.execute(DriverCommandExecutor.java:142)
at org.openqa.selenium.remote.RemoteWebDriver.execute(RemoteWebDriver.java:547)
at org.openqa.selenium.remote.ElementLocation$ElementFinder$2.findElement(ElementLocation.java:162)
at org.openqa.selenium.remote.ElementLocation.findElement(ElementLocation.java:66)
at org.openqa.selenium.remote.RemoteWebDriver.findElement(RemoteWebDriver.java:365)
at org.openqa.selenium.remote.RemoteWebDriver.findElement(RemoteWebDriver.java:357)
at com.main.selenium.practices.TestListeners.failureTest(TestListeners.java:41)
at java.base/java.util.ArrayList.forEach(ArrayList.java:1511)
... Removed 37 stack frames]]>
    </failure>
  </testcase> <!-- failureTest -->
  <testcase classname="com.main.selenium.practices.TestListeners" name="test1" time="0.0"/>
  <testcase classname="com.main.selenium.practices.TestListeners" name="test2" time="0.0"/>
  <testcase classname="com.main.selenium.practices.TestListeners" name="test3" time="0.0"/>
  <testcase classname="com.main.selenium.practices.TestNewFeatures" name="testAboveLocator" time="0.073"/>
  <testcase classname="com.main.selenium.practices.TestNewFeatures" name="testHeightAndWidth" time="0.038"/>
  <testcase classname="com.main.selenium.practices.TestNewFeatures" name="testMultipleWindows" time="4.633"/>
  <testcase classname="com.main.selenium.practices.TestNewFeatures" name="testPartialScreenshot" time="1.72"/>
  <testcase classname="com.main.selenium.practices.TestParams" name="Good" time="0.0"/>
  <testcase classname="com.main.selenium.practices.TestParams" name="Login" time="0.0"/>
  <testcase classname="com.main.selenium.practices.TestParams" name="WebLoginCar" time="0.0"/>
  <testcase classname="com.main.selenium.practices.TestParams" name="WebLoginHome" time="0.0">
    <failure type="org.testng.TestNGException" message="
Parameter &amp;apos;URL&amp;apos; is required by @Test on method WebLoginHome but has not been marked @Optional or defined
">
      <![CDATA[org.testng.TestNGException: 
Parameter 'URL' is required by @Test on method WebLoginHome but has not been marked @Optional or defined

at java.base/java.util.ArrayList.forEach(ArrayList.java:1511)
... Removed 31 stack frames]]>
    </failure>
  </testcase> <!-- WebLoginHome -->
  <testcase classname="com.main.selenium.selenium.NewTest" name="f" time="0.0"/>
</testsuite> <!-- Surefire test -->
